<?xml version="1.0" encoding="utf-8"?><testsuites name="pytest tests"><testsuite name="pytest" errors="0" failures="0" skipped="0" tests="38" time="6.090" timestamp="2026-09-13T18:54:53.805392+00:00" hostname="agent-env-b0441d7d-f18e-4b83-8588-dae885672d58"><testcase classname="tests.backend_test.TestAuth" name="test_health" time="0.373" /><testcase classname="tests.backend_test.TestRBAC" name="test_teacher_cannot_list_users" time="0.415" /><testcase classname="tests.backend_test.TestRBAC" name="test_teacher_cannot_patch_settings" time="0.067" /><testcase classname="tests.backend_test.TestRBAC" name="test_teacher_cannot_view_audit" time="0.247" /><testcase classname="tests.backend_test.TestAuth" name="test_director_login_sets_cookies" time="0.358" /><testcase classname="tests.backend_test.TestAuth" name="test_me_director" time="0.066" /><testcase classname="tests.backend_test.TestAuth" name="test_login_invalid" time="0.083" /><testcase classname="tests.backend_test.TestAuth" name="test_me_without_cookie" time="0.306" /><testcase classname="tests.backend_test.TestRBAC" name="test_teacher_students_scoped" time="1.003" /><testcase classname="tests.backend_test.TestAuth" name="test_refresh" time="0.076" /><testcase classname="tests.backend_test.TestAuth" name="test_teacher_login" time="0.431" /><testcase classname="tests.backend_test.TestStructure" name="test_years_and_activate" time="0.094" /><testcase classname="tests.backend_test.TestRBAC" name="test_teacher_cannot_post_attendance_for_other_teacher_lesson" time="0.291" /><testcase classname="tests.backend_test.TestStructure" name="test_grade_and_section_flow" time="0.366" /><testcase classname="tests.backend_test.TestReports" name="test_report_summary" time="0.130" /><testcase classname="tests.backend_test.TestReports" name="test_report_csv_export" time="0.109" /><testcase classname="tests.backend_test.TestStructure" name="test_section_with_students_cannot_delete" time="0.157" /><testcase classname="tests.backend_test.TestReports" name="test_analytics" time="0.126" /><testcase classname="tests.backend_test.TestStudents" name="test_list_and_filters" time="0.074" /><testcase classname="tests.backend_test.TestStudents" name="test_search_filter" time="0.058" /><testcase classname="tests.backend_test.TestReports" name="test_teacher_cannot_export" time="0.056" /><testcase classname="tests.backend_test.TestTeachers" name="test_list" time="0.122" /><testcase classname="tests.backend_test.TestStudents" name="test_create_read_update_delete" time="0.345" /><testcase classname="tests.backend_test.TestTeachers" name="test_reset_password" time="1.048" /><testcase classname="tests.backend_test.TestTimetable" name="test_conflict_teacher" time="0.317" /><testcase classname="tests.backend_test.TestTimetable" name="test_lessons_today_teacher" time="0.348" /><testcase classname="tests.backend_test.TestSettings" name="test_update_and_persist" time="0.135" /><testcase classname="tests.backend_test.TestSettings" name="test_backup" time="0.136" /><testcase classname="tests.backend_test.TestAttendance" name="test_roster_and_submit_lock" time="0.247" /><testcase classname="tests.backend_test.TestSessions" name="test_list_sessions" time="0.054" /><testcase classname="tests.backend_test.TestSessions" name="test_2fa_setup" time="0.060" /><testcase classname="tests.backend_test.TestSubjects" name="test_subjects_crud" time="0.258" /><testcase classname="tests.backend_test.TestAttendance" name="test_correction_flow" time="0.454" /><testcase classname="tests.backend_test.TestAnnouncements" name="test_create_and_list" time="0.332" /><testcase classname="tests.backend_test.TestSecurity" name="test_401_without_auth" time="0.987" /><testcase classname="tests.backend_test.TestAudit" name="test_audit_list" time="0.072" /><testcase classname="tests.backend_test.TestSearch" name="test_search" time="0.068" /><testcase classname="tests.backend_test.TestSecurity" name="test_teacher_403_on_users" time="0.072" /></testsuite></testsuites>